  [4;36;1mSQL (0.2ms)[0m   [0;1m SELECT name
 FROM sqlite_master
 WHERE type = 'table' AND NOT name = 'sqlite_sequence'
[0m
  [4;35;1mSQL (0.9ms)[0m   [0mselect sqlite_version(*)[0m
  [4;36;1mSQL (16.7ms)[0m   [0;1mCREATE TABLE "schema_migrations" ("version" varchar(255) NOT NULL) [0m
  [4;35;1mSQL (0.1ms)[0m   [0mPRAGMA index_list("schema_migrations")[0m
  [4;36;1mSQL (28.7ms)[0m   [0;1mCREATE UNIQUE INDEX "unique_schema_migrations" ON "schema_migrations" ("version")[0m
  [4;35;1mSQL (0.4ms)[0m   [0m SELECT name
 FROM sqlite_master
 WHERE type = 'table' AND NOT name = 'sqlite_sequence'
[0m
  [4;36;1mSQL (0.1ms)[0m   [0;1mSELECT version FROM schema_migrations[0m
Migrating to CreateUsers (20100612193837)
  [4;35;1mSQL (0.5ms)[0m   [0mCREATE TABLE "users" ("id" INTEGER PRIMARY KEY AUTOINCREMENT NOT NULL, "username" varchar(255), "first_name" varchar(255), "last_name" varchar(255), "location" integer, "created_at" datetime, "updated_at" datetime) [0m
  [4;36;1mSQL (0.1ms)[0m   [0;1mINSERT INTO schema_migrations (version) VALUES ('20100612193837')[0m
Migrating to CreateLocations (20100612193848)
  [4;35;1mSQL (0.5ms)[0m   [0mCREATE TABLE "locations" ("id" INTEGER PRIMARY KEY AUTOINCREMENT NOT NULL, "location_name" varchar(255), "created_at" datetime, "updated_at" datetime) [0m
  [4;36;1mSQL (0.2ms)[0m   [0;1mINSERT INTO schema_migrations (version) VALUES ('20100612193848')[0m
Migrating to CreateSocialNetworkingSites (20100612193900)
  [4;35;1mSQL (0.8ms)[0m   [0mCREATE TABLE "social_networking_sites" ("id" INTEGER PRIMARY KEY AUTOINCREMENT NOT NULL, "site_name" varchar(255), "site_url" varchar(255), "created_at" datetime, "updated_at" datetime) [0m
  [4;36;1mSQL (0.2ms)[0m   [0;1mINSERT INTO schema_migrations (version) VALUES ('20100612193900')[0m
Migrating to CreateFriends (20100612193909)
  [4;35;1mSQL (0.4ms)[0m   [0mCREATE TABLE "friends" ("id" INTEGER PRIMARY KEY AUTOINCREMENT NOT NULL, "username" varchar(255), "first_name" varchar(255), "last_name" varchar(255), "home_location" integer, "social_networking_site" integer, "social_network_uri" varchar(255), "created_at" datetime, "updated_at" datetime) [0m
  [4;36;1mSQL (0.1ms)[0m   [0;1mINSERT INTO schema_migrations (version) VALUES ('20100612193909')[0m
Migrating to CreateArtifacts (20100612193917)
  [4;35;1mSQL (0.4ms)[0m   [0mCREATE TABLE "artifacts" ("id" INTEGER PRIMARY KEY AUTOINCREMENT NOT NULL, "when_posted" date, "location" integer, "start_date" date, "end_date" date, "is_an_offer" boolean, "content" text, "origin_uri" text, "created_at" datetime, "updated_at" datetime) [0m
  [4;36;1mSQL (0.1ms)[0m   [0;1mINSERT INTO schema_migrations (version) VALUES ('20100612193917')[0m
  [4;35;1mSQL (0.5ms)[0m   [0m SELECT name
 FROM sqlite_master
 WHERE type = 'table' AND NOT name = 'sqlite_sequence'
[0m
  [4;36;1mSQL (0.3ms)[0m   [0;1mSELECT version FROM schema_migrations[0m
  [4;35;1mSQL (0.3ms)[0m   [0m SELECT name
 FROM sqlite_master
 WHERE type = 'table' AND NOT name = 'sqlite_sequence'
[0m
  [4;36;1mSQL (0.1ms)[0m   [0;1mPRAGMA index_list("artifacts")[0m
  [4;35;1mSQL (0.1ms)[0m   [0mPRAGMA index_list("friends")[0m
  [4;36;1mSQL (0.0ms)[0m   [0;1mPRAGMA index_list("locations")[0m
  [4;35;1mSQL (0.0ms)[0m   [0mPRAGMA index_list("social_networking_sites")[0m
  [4;36;1mSQL (0.0ms)[0m   [0;1mPRAGMA index_list("users")[0m
